<?xml version="1.0" encoding="UTF-8"?>
<!-- Generated by org.testng.reporters.JUnitXMLReporter -->
<testsuite ignored="1" hostname="UATUXs-iMac.local" failures="0" tests="1" name="Default test" time="199.381" errors="0" timestamp="30 Jul 2022 10:41:30 GMT">
  <testcase classname="com.qa.hs.tests.LoginTest" name="loginTest" time="199.361"/>
  <testcase classname="com.qa.hs.tests.LoginTest" name="signUpTest" time="0.0">
    <ignored/>
  </testcase> <!-- signUpTest -->
</testsuite> <!-- Default test -->
